2017-09-22 14:07:41.455 [main] INFO  com.springbootmybatis.SpringbootmybatisApplication - Starting SpringbootmybatisApplication on jindeMacBook-Pro.local with PID 5217 (/Users/jinkai/Documents/localWorkSpace/intellijWorkSpace/springbootmybatis/target/classes started by jinkai in /Users/jinkai/Documents/localWorkSpace/intellijWorkSpace/springbootmybatis)
2017-09-22 14:07:41.459 [main] INFO  com.springbootmybatis.SpringbootmybatisApplication - No active profile set, falling back to default profiles: default
2017-09-22 14:07:41.521 [main] INFO  o.s.b.c.e.AnnotationConfigEmbeddedWebApplicationContext - Refreshing org.springframework.boot.context.embedded.AnnotationConfigEmbeddedWebApplicationContext@402e37bc: startup date [Fri Sep 22 14:07:41 CST 2017]; root of context hierarchy
2017-09-22 14:07:41.670 [background-preinit] INFO  org.hibernate.validator.internal.util.Version - HV000001: Hibernate Validator 5.3.5.Final
2017-09-22 14:07:42.281 [main] WARN  org.mybatis.spring.mapper.ClassPathMapperScanner - No MyBatis mapper was found in '[com.springbootmybatis.mapper]' package. Please check your configuration.
2017-09-22 14:07:42.475 [main] WARN  org.mybatis.spring.mapper.ClassPathMapperScanner - No MyBatis mapper was found in '[com.springbootmybatis]' package. Please check your configuration.
2017-09-22 14:07:43.626 [main] INFO  o.s.b.c.e.tomcat.TomcatEmbeddedServletContainer - Tomcat initialized with port(s): 8080 (http)
2017-09-22 14:07:43.643 [main] INFO  org.apache.catalina.core.StandardService - Starting service [Tomcat]
2017-09-22 14:07:43.645 [main] INFO  org.apache.catalina.core.StandardEngine - Starting Servlet Engine: Apache Tomcat/8.5.20
2017-09-22 14:07:43.732 [localhost-startStop-1] INFO  o.a.c.core.ContainerBase.[Tomcat].[localhost].[/] - Initializing Spring embedded WebApplicationContext
2017-09-22 14:07:43.733 [localhost-startStop-1] INFO  org.springframework.web.context.ContextLoader - Root WebApplicationContext: initialization completed in 2212 ms
2017-09-22 14:07:43.942 [localhost-startStop-1] INFO  o.s.boot.web.servlet.ServletRegistrationBean - Mapping servlet: 'dispatcherServlet' to [/]
2017-09-22 14:07:43.962 [localhost-startStop-1] INFO  o.s.boot.web.servlet.FilterRegistrationBean - Mapping filter: 'characterEncodingFilter' to: [/*]
2017-09-22 14:07:43.963 [localhost-startStop-1] INFO  o.s.boot.web.servlet.FilterRegistrationBean - Mapping filter: 'hiddenHttpMethodFilter' to: [/*]
2017-09-22 14:07:43.963 [localhost-startStop-1] INFO  o.s.boot.web.servlet.FilterRegistrationBean - Mapping filter: 'httpPutFormContentFilter' to: [/*]
2017-09-22 14:07:43.964 [localhost-startStop-1] INFO  o.s.boot.web.servlet.FilterRegistrationBean - Mapping filter: 'requestContextFilter' to: [/*]
2017-09-22 14:07:44.750 [main] INFO  com.alibaba.druid.pool.DruidDataSource - {dataSource-1} inited
2017-09-22 14:07:45.426 [main] INFO  o.s.w.s.m.m.a.RequestMappingHandlerAdapter - Looking for @ControllerAdvice: org.springframework.boot.context.embedded.AnnotationConfigEmbeddedWebApplicationContext@402e37bc: startup date [Fri Sep 22 14:07:41 CST 2017]; root of context hierarchy
2017-09-22 14:07:45.496 [main] INFO  o.s.w.s.m.m.a.RequestMappingHandlerMapping - Mapped "{[/add]}" onto public java.lang.String com.springbootmybatis.controller.TestController.add()
2017-09-22 14:07:45.501 [main] INFO  o.s.w.s.m.m.a.RequestMappingHandlerMapping - Mapped "{[/]}" onto public java.lang.String com.springbootmybatis.controller.TestController.test(int,int)
2017-09-22 14:07:45.515 [main] INFO  o.s.w.s.m.m.a.RequestMappingHandlerMapping - Mapped "{[/error]}" onto public org.springframework.http.ResponseEntity<java.util.Map<java.lang.String, java.lang.Object>> org.springframework.boot.autoconfigure.web.BasicErrorController.error(javax.servlet.http.HttpServletRequest)
2017-09-22 14:07:45.519 [main] INFO  o.s.w.s.m.m.a.RequestMappingHandlerMapping - Mapped "{[/error],produces=[text/html]}" onto public org.springframework.web.servlet.ModelAndView org.springframework.boot.autoconfigure.web.BasicErrorController.errorHtml(javax.servlet.http.HttpServletRequest,javax.servlet.http.HttpServletResponse)
2017-09-22 14:07:45.556 [main] INFO  o.s.web.servlet.handler.SimpleUrlHandlerMapping - Mapped URL path [/webjars/**] onto handler of type [class org.springframework.web.servlet.resource.ResourceHttpRequestHandler]
2017-09-22 14:07:45.556 [main] INFO  o.s.web.servlet.handler.SimpleUrlHandlerMapping - Mapped URL path [/**] onto handler of type [class org.springframework.web.servlet.resource.ResourceHttpRequestHandler]
2017-09-22 14:07:45.588 [main] INFO  o.s.web.servlet.handler.SimpleUrlHandlerMapping - Mapped URL path [/**/favicon.ico] onto handler of type [class org.springframework.web.servlet.resource.ResourceHttpRequestHandler]
2017-09-22 14:07:45.926 [main] INFO  o.s.jmx.export.annotation.AnnotationMBeanExporter - Registering beans for JMX exposure on startup
2017-09-22 14:07:45.926 [main] INFO  o.s.jmx.export.annotation.AnnotationMBeanExporter - Bean with name 'dataSource' has been autodetected for JMX exposure
2017-09-22 14:07:45.926 [main] INFO  o.s.jmx.export.annotation.AnnotationMBeanExporter - Bean with name 'stat-filter' has been autodetected for JMX exposure
2017-09-22 14:07:45.934 [main] INFO  o.s.jmx.export.annotation.AnnotationMBeanExporter - Located MBean 'stat-filter': registering with JMX server as MBean [com.alibaba.druid.filter.stat:name=stat-filter,type=StatFilter]
2017-09-22 14:07:45.935 [main] INFO  o.s.jmx.export.annotation.AnnotationMBeanExporter - Located MBean 'dataSource': registering with JMX server as MBean [com.alibaba.druid.pool:name=dataSource,type=DruidDataSource]
2017-09-22 14:07:45.951 [main] INFO  org.apache.coyote.http11.Http11NioProtocol - Initializing ProtocolHandler ["http-nio-8080"]
2017-09-22 14:07:45.960 [main] INFO  org.apache.coyote.http11.Http11NioProtocol - Starting ProtocolHandler ["http-nio-8080"]
2017-09-22 14:07:45.981 [main] INFO  org.apache.tomcat.util.net.NioSelectorPool - Using a shared selector for servlet write/read
2017-09-22 14:07:46.006 [main] INFO  o.s.b.c.e.tomcat.TomcatEmbeddedServletContainer - Tomcat started on port(s): 8080 (http)
2017-09-22 14:07:46.013 [main] INFO  com.springbootmybatis.SpringbootmybatisApplication - Started SpringbootmybatisApplication in 4.831 seconds (JVM running for 5.81)
2017-09-22 14:07:53.759 [http-nio-8080-exec-1] INFO  o.a.c.core.ContainerBase.[Tomcat].[localhost].[/] - Initializing Spring FrameworkServlet 'dispatcherServlet'
2017-09-22 14:07:53.760 [http-nio-8080-exec-1] INFO  org.springframework.web.servlet.DispatcherServlet - FrameworkServlet 'dispatcherServlet': initialization started
2017-09-22 14:07:53.779 [http-nio-8080-exec-1] INFO  org.springframework.web.servlet.DispatcherServlet - FrameworkServlet 'dispatcherServlet': initialization completed in 19 ms
2017-09-22 14:07:53.821 [http-nio-8080-exec-1] INFO  com.springbootmybatis.controller.TestController - TestController / start: parameter:{pageIndex:   1pagesize:  5}
2017-09-22 14:07:53.841 [http-nio-8080-exec-1] INFO  com.springbootmybatis.service.impl.DemoServiceImpl - getUserPage  start
2017-09-22 14:08:08.264 [Thread-14] INFO  o.s.b.c.e.AnnotationConfigEmbeddedWebApplicationContext - Closing org.springframework.boot.context.embedded.AnnotationConfigEmbeddedWebApplicationContext@402e37bc: startup date [Fri Sep 22 14:07:41 CST 2017]; root of context hierarchy
2017-09-22 14:08:08.271 [Thread-14] INFO  o.s.jmx.export.annotation.AnnotationMBeanExporter - Unregistering JMX-exposed beans on shutdown
2017-09-22 14:08:08.271 [Thread-14] INFO  o.s.jmx.export.annotation.AnnotationMBeanExporter - Unregistering JMX-exposed beans
2017-09-22 14:08:08.275 [Thread-14] INFO  com.alibaba.druid.pool.DruidDataSource - {dataSource-1} closed
